<?xml version="1.0" encoding="UTF-8"?>
<testsuite xmlns:xsi="http://www.w3.org/2001/XMLSchema-instance" xsi:noNamespaceSchemaLocation="https://maven.apache.org/surefire/maven-surefire-plugin/xsd/surefire-test-report.xsd" version="3.0.2" name="com.java.excercise.ExcerciseApplicationTests" time="0.662" tests="1" errors="0" skipped="0" failures="0">
  <properties>
[...]
</properties>
  <testcase name="contextLoads" classname="com.java.excercise.ExcerciseApplicationTests" time="0.32">
    <system-out><![CDATA[09:06:38.554 [main] INFO org.springframework.test.context.support.AnnotationConfigContextLoaderUtils -- Could not detect default configuration classes for test class [com.java.excercise.ExcerciseApplicationTests]: ExcerciseApplicationTests does not declare any static, non-private, non-final, nested classes annotated with @Configuration.
09:06:38.596 [main] INFO org.springframework.boot.test.context.SpringBootTestContextBootstrapper -- Found @SpringBootConfiguration com.java.excercise.ExcerciseApplication for test class com.java.excercise.ExcerciseApplicationTests

  .   ____          _            __ _ _
 /\\ / ___'_ __ _ _(_)_ __  __ _ \ \ \ \
( ( )\___ | '_ | '_| | '_ \/ _` | \ \ \ \
 \\/  ___)| |_)| | | | | || (_| |  ) ) ) )
  '  |____| .__|_| |_|_| |_\__, | / / / /
 =========|_|==============|___/=/_/_/_/

 :: Spring Boot ::                (v3.5.3)

2025-06-23T09:06:38.718-05:00  INFO 10703 --- [excercise] [           main] c.j.excercise.ExcerciseApplicationTests  : Starting ExcerciseApplicationTests using Java 23.0.2 with PID 10703 (started by djose in /Users/djose/works/JavaExcerise)
2025-06-23T09:06:38.718-05:00  INFO 10703 --- [excercise] [           main] c.j.excercise.ExcerciseApplicationTests  : No active profile set, falling back to 1 default profile: "default"
2025-06-23T09:06:38.839-05:00  INFO 10703 --- [excercise] [           main] c.j.excercise.ExcerciseApplicationTests  : Started ExcerciseApplicationTests in 0.204 seconds (process running for 0.514)
]]></system-out>
    <system-err><![CDATA[Mockito is currently self-attaching to enable the inline-mock-maker. This will no longer work in future releases of the JDK. Please add Mockito as an agent to your build as described in Mockito's documentation: https://javadoc.io/doc/org.mockito/mockito-core/latest/org.mockito/org/mockito/Mockito.html#0.3
WARNING: A Java agent has been loaded dynamically (/Users/djose/.m2/repository/net/bytebuddy/byte-buddy-agent/1.17.6/byte-buddy-agent-1.17.6.jar)
WARNING: If a serviceability tool is in use, please run with -XX:+EnableDynamicAgentLoading to hide this warning
WARNING: If a serviceability tool is not in use, please run with -Djdk.instrument.traceUsage for more information
WARNING: Dynamic loading of agents will be disallowed by default in a future release
]]></system-err>
  </testcase>
</testsuite>